2019-07-19 18:19:34,531 - INFO  - %:586 - Watching for file changes with StatReloader
2019-07-19 18:20:14,297 - INFO  - %:213 - /Users/wangtong/Codes/Project/WebCrawler/spider/net.py changed, reloading.
2019-07-19 18:20:14,689 - INFO  - %:586 - Watching for file changes with StatReloader
2019-07-19 18:20:47,978 - INFO  - %:213 - /Users/wangtong/Codes/Project/WebCrawler/spider/net.py changed, reloading.
2019-07-19 18:20:48,329 - INFO  - %:586 - Watching for file changes with StatReloader
2019-07-19 18:21:55,593 - INFO  - %:106 - [{'fileMd5': '5db9f380f4660dcb8a73db1bf0315af7', 'isExists': True, 'originalName': '-4482350677321660385.725x538.jpeg', 'fileExt': '.jpeg', 'fileLength': 33461, 'relativePath': '/upload/dynamic/2019/07/19/5db9f380f4660dcb8a73db1bf0315af7/file.jpeg', 'isRotate': 0}]
2019-07-19 18:23:16,859 - INFO - % - 586 - Watching for file changes with StatReloader
2019-07-19 18:23:24,071 - INFO - % - 106 - [{'fileMd5': '5db9f380f4660dcb8a73db1bf0315af7', 'isExists': True, 'originalName': '-6393125423089970965.725x538.jpeg', 'fileExt': '.jpeg', 'fileLength': 33461, 'relativePath': '/upload/dynamic/2019/07/19/5db9f380f4660dcb8a73db1bf0315af7/file.jpeg', 'isRotate': 0}]
2019-07-19 18:24:26,862 - INFO - % - 213 - /Users/wangtong/Codes/Project/WebCrawler/spider/views.py changed, reloading.
2019-07-19 18:24:27,273 - INFO - % - 586 - Watching for file changes with StatReloader
2019-07-19 18:24:52,263 - INFO - % - 213 - /Users/wangtong/Codes/Project/WebCrawler/spider/views.py changed, reloading.
2019-07-19 18:24:52,634 - INFO - % - 586 - Watching for file changes with StatReloader
2019-07-19 18:25:55,915 - INFO - % - 213 - /Users/wangtong/Codes/Project/WebCrawler/spider/net.py changed, reloading.
2019-07-19 18:25:56,329 - INFO - % - 586 - Watching for file changes with StatReloader
2019-07-19 18:26:30,050 - INFO - % - 106 - [{'fileMd5': '60e8118ddd37c34cadc5c51abbffeb85', 'isExists': True, 'originalName': '6240421556238694810.jpg', 'fileExt': '.jpg', 'fileLength': 65151, 'relativePath': '/upload/dynamic/2019/07/19/60e8118ddd37c34cadc5c51abbffeb85/file.jpg', 'isRotate': 0}, {'fileMd5': 'bc66bc3c9bcc2bf1b025d49f193dab9a', 'isExists': True, 'originalName': '1489297932849104086.jpg', 'fileExt': '.jpg', 'fileLength': 73132, 'relativePath': '/upload/dynamic/2019/07/19/bc66bc3c9bcc2bf1b025d49f193dab9a/file.jpg', 'isRotate': 0}, {'fileMd5': '2cfbf6d78f51e54037598dfbff2ee7bd', 'isExists': True, 'originalName': '7565018542806910272.jpg', 'fileExt': '.jpg', 'fileLength': 80926, 'relativePath': '/upload/dynamic/2019/07/19/2cfbf6d78f51e54037598dfbff2ee7bd/file.jpg', 'isRotate': 0}, {'fileMd5': '961d4c009bb19b09d5e4aafdc0f25e79', 'isExists': True, 'originalName': '-9209340647439691518.jpg', 'fileExt': '.jpg', 'fileLength': 186127, 'relativePath': '/upload/dynamic/2019/07/19/961d4c009bb19b09d5e4aafdc0f25e79/file.jpg', 'isRotate': 0}, {'fileMd5': 'deb09cabaf782751cabab7844c1ab53a', 'isExists': True, 'originalName': '-4811954460750760508.jpg', 'fileExt': '.jpg', 'fileLength': 36210, 'relativePath': '/upload/dynamic/2019/07/19/deb09cabaf782751cabab7844c1ab53a/file.jpg', 'isRotate': 0}, {'fileMd5': '405f021fed482b21346960a914a8b897', 'isExists': True, 'originalName': '7091049399252736556.jpg', 'fileExt': '.jpg', 'fileLength': 46562, 'relativePath': '/upload/dynamic/2019/07/19/405f021fed482b21346960a914a8b897/file.jpg', 'isRotate': 0}]
2019-07-19 18:29:18,594 - INFO - % - 586 - Watching for file changes with StatReloader
2019-07-19 18:30:05,953 - INFO - % - 106 - [{'fileMd5': '02c17def24d8c310e49e1d497980373b', 'isExists': True, 'originalName': '-1267033441465312513.jpeg', 'fileExt': '.jpeg', 'fileLength': 80374, 'relativePath': '/upload/dynamic/2019/07/19/02c17def24d8c310e49e1d497980373b/file.jpeg', 'isRotate': 0}]
2019-07-19 18:30:29,168 - INFO - % - 106 - [{'fileMd5': 'a86deafb133d9e13434d734bb08b5c69', 'isExists': True, 'originalName': '-5857667935859879992.jpg', 'fileExt': '.jpg', 'fileLength': 888188, 'relativePath': '/upload/dynamic/2019/07/19/a86deafb133d9e13434d734bb08b5c69/file.jpg', 'isRotate': 0}, {'fileMd5': '6cdfe3905fd248aff8961506d55c75d3', 'isExists': True, 'originalName': '-2346751097836617562.jpg', 'fileExt': '.jpg', 'fileLength': 793228, 'relativePath': '/upload/dynamic/2019/07/19/6cdfe3905fd248aff8961506d55c75d3/file.jpg', 'isRotate': 0}, {'fileMd5': '2448a2d5afbc8701cc0b0d5a6a2a1580', 'isExists': True, 'originalName': '731320739754196202.jpg', 'fileExt': '.jpg', 'fileLength': 998546, 'relativePath': '/upload/dynamic/2019/07/19/2448a2d5afbc8701cc0b0d5a6a2a1580/file.jpg', 'isRotate': 0}, {'fileMd5': '5b7ae8c59777f16d9b2a6479baf3acd4', 'isExists': True, 'originalName': '9027264424233950764.jpg', 'fileExt': '.jpg', 'fileLength': 732880, 'relativePath': '/upload/dynamic/2019/07/19/5b7ae8c59777f16d9b2a6479baf3acd4/file.jpg', 'isRotate': 0}, {'fileMd5': 'ad9c35b0a0e0d8dd576056ef3b16d4b3', 'isExists': True, 'originalName': '2220835676624034330.jpg', 'fileExt': '.jpg', 'fileLength': 801042, 'relativePath': '/upload/dynamic/2019/07/19/ad9c35b0a0e0d8dd576056ef3b16d4b3/file.jpg', 'isRotate': 0}, {'fileMd5': 'faf90a0d4a9db4fcbdcf0869848bba8a', 'isExists': True, 'originalName': '-3533844068731537948.jpg', 'fileExt': '.jpg', 'fileLength': 775180, 'relativePath': '/upload/dynamic/2019/07/19/faf90a0d4a9db4fcbdcf0869848bba8a/file.jpg', 'isRotate': 0}, {'fileMd5': '9c29fad06b6cb0250cc81490773d1c6a', 'isExists': True, 'originalName': '4471446722083807034.jpg', 'fileExt': '.jpg', 'fileLength': 752068, 'relativePath': '/upload/dynamic/2019/07/19/9c29fad06b6cb0250cc81490773d1c6a/file.jpg', 'isRotate': 0}, {'fileMd5': 'f0b3039d606689967d5cccd0b10edec6', 'isExists': True, 'originalName': '-6548307469873373839.jpg', 'fileExt': '.jpg', 'fileLength': 1056432, 'relativePath': '/upload/dynamic/2019/07/19/f0b3039d606689967d5cccd0b10edec6/file.jpg', 'isRotate': 0}, {'fileMd5': 'ba1304363431fbca02d1b2543ecc6c89', 'isExists': True, 'originalName': '562220867529618454.jpg', 'fileExt': '.jpg', 'fileLength': 1080111, 'relativePath': '/upload/dynamic/2019/07/19/ba1304363431fbca02d1b2543ecc6c89/file.jpg', 'isRotate': 0}]
2019-07-19 18:32:18,100 - INFO - % - 213 - /Users/wangtong/Codes/Project/WebCrawler/spider/net.py changed, reloading.
2019-07-19 18:32:18,676 - INFO - % - 586 - Watching for file changes with StatReloader
2019-07-19 18:32:48,012 - INFO - % - 213 - /Users/wangtong/Codes/Project/WebCrawler/spider/net.py changed, reloading.
2019-07-19 18:32:48,465 - INFO - % - 586 - Watching for file changes with StatReloader
2019-07-19 18:33:08,111 - INFO - % - 213 - /Users/wangtong/Codes/Project/WebCrawler/spider/net.py changed, reloading.
2019-07-19 18:33:08,542 - INFO - % - 586 - Watching for file changes with StatReloader
2019-07-19 18:33:18,582 - INFO - % - 213 - /Users/wangtong/Codes/Project/WebCrawler/spider/views.py changed, reloading.
2019-07-19 18:33:19,019 - INFO - % - 586 - Watching for file changes with StatReloader
2019-07-19 18:33:42,605 - INFO - % - 48 - 下载成功/Users/wangtong/Codes/Project/WebCrawler/static/img/5695944490396003139.jpeg
2019-07-19 18:33:42,826 - INFO - % - 79 - crop成功/Users/wangtong/Codes/Project/WebCrawler/static/img/5695944490396003139.jpeg
2019-07-19 18:34:12,832 - ERROR - % - 116 - HTTPConnectionPool(host='mobile-api-test.sandanapp.com', port=80): Max retries exceeded with url: /component/upload2/uploadByForm/dynamic (Caused by NewConnectionError('<urllib3.connection.HTTPConnection object at 0x1085327f0>: Failed to establish a new connection: [Errno 8] nodename nor servname provided, or not known',))
2019-07-19 18:34:12,834 - INFO - % - 89 - 删除成功/Users/wangtong/Codes/Project/WebCrawler/static/img/5695944490396003139.jpeg
2019-07-19 18:47:12,370 - INFO - % - 586 - Watching for file changes with StatReloader
2019-07-19 18:47:44,745 - ERROR - % - 165 - ConnectionError -- please wait 3 seconds
